<?xml version="1.0" encoding="UTF-8"?>
<testsuite xmlns:xsi="http://www.w3.org/2001/XMLSchema-instance" xsi:noNamespaceSchemaLocation="https://maven.apache.org/surefire/maven-surefire-plugin/xsd/surefire-test-report.xsd" version="3.0.2" name="com.example.java_jenkins_docker.JavaJenkinsDockerApplicationTests" time="5.449" tests="1" errors="0" skipped="0" failures="0">
  <properties>
[...]
</properties>
  <testcase name="contextLoads" classname="com.example.java_jenkins_docker.JavaJenkinsDockerApplicationTests" time="1.348">
    <system-out><![CDATA[15:32:44.676 [main] INFO org.springframework.test.context.support.AnnotationConfigContextLoaderUtils -- Could not detect default configuration classes for test class [com.example.java_jenkins_docker.JavaJenkinsDockerApplicationTests]: JavaJenkinsDockerApplicationTests does not declare any static, non-private, non-final, nested classes annotated with @Configuration.
15:32:44.941 [main] INFO org.springframework.boot.test.context.SpringBootTestContextBootstrapper -- Found @SpringBootConfiguration com.example.java_jenkins_docker.JavaJenkinsDockerApplication for test class com.example.java_jenkins_docker.JavaJenkinsDockerApplicationTests

  .   ____          _            __ _ _
 /\\ / ___'_ __ _ _(_)_ __  __ _ \ \ \ \
( ( )\___ | '_ | '_| | '_ \/ _` | \ \ \ \
 \\/  ___)| |_)| | | | | || (_| |  ) ) ) )
  '  |____| .__|_| |_|_| |_\__, | / / / /
 =========|_|==============|___/=/_/_/_/

 :: Spring Boot ::                (v3.4.2)

2025-11-10T15:32:45.977+05:30  INFO 2068 --- [java_jenkins_docker] [           main] c.e.j.JavaJenkinsDockerApplicationTests  : Starting JavaJenkinsDockerApplicationTests using Java 23.0.2 with PID 2068 (started by tops in C:\Users\tops\Downloads\java_jenkins_docker\java_jenkins_docker)
2025-11-10T15:32:45.980+05:30  INFO 2068 --- [java_jenkins_docker] [           main] c.e.j.JavaJenkinsDockerApplicationTests  : No active profile set, falling back to 1 default profile: "default"
2025-11-10T15:32:48.321+05:30  INFO 2068 --- [java_jenkins_docker] [           main] c.e.j.JavaJenkinsDockerApplicationTests  : Started JavaJenkinsDockerApplicationTests in 3.041 seconds (process running for 5.102)
]]></system-out>
    <system-err><![CDATA[Mockito is currently self-attaching to enable the inline-mock-maker. This will no longer work in future releases of the JDK. Please add Mockito as an agent to your build what is described in Mockito's documentation: https://javadoc.io/doc/org.mockito/mockito-core/latest/org/mockito/Mockito.html#0.3
WARNING: A Java agent has been loaded dynamically (C:\Users\tops\.m2\repository\net\bytebuddy\byte-buddy-agent\1.15.11\byte-buddy-agent-1.15.11.jar)
WARNING: If a serviceability tool is in use, please run with -XX:+EnableDynamicAgentLoading to hide this warning
WARNING: If a serviceability tool is not in use, please run with -Djdk.instrument.traceUsage for more information
WARNING: Dynamic loading of agents will be disallowed by default in a future release
]]></system-err>
  </testcase>
</testsuite>